<?xml version="1.0" encoding="UTF-8"?>
<!-- Generated by org.testng.reporters.JUnitReportReporter -->
<testsuite hostname="DESKTOP-PIJCOC8" failures="0" tests="1" name="org.TakeScreenshot.SampleScreenshot" time="5.957" errors="0" timestamp="2024-12-16T11:36:40 IST" skipped="0">
  <testcase classname="org.TakeScreenshot.SampleScreenshot" name="takeScreenshotOfWebPage" time="5.957"/>
  <system-out/>
</testsuite> <!-- org.TakeScreenshot.SampleScreenshot -->
