<?xml version="1.0" encoding="UTF-8"?>
<!-- Generated by org.testng.reporters.JUnitReportReporter -->
<testsuite hostname="DESKTOP-PIJCOC8" failures="0" tests="2" name="com.crm.configAnnotations.orgTest.CreateOrganizationTest" time="0.009" errors="0" timestamp="2024-12-12T12:12:18 IST" skipped="0">
  <testcase classname="com.crm.configAnnotations.orgTest.CreateOrganizationTest" name="createOrgTest" time="0.006"/>
  <system-out/>
  <testcase classname="com.crm.configAnnotations.orgTest.CreateOrganizationTest" name="createOrgIndustryTest" time="0.003"/>
  <system-out/>
</testsuite> <!-- com.crm.configAnnotations.orgTest.CreateOrganizationTest -->
