<?xml version="1.0" encoding="UTF-8"?>
<!-- Generated by org.testng.reporters.JUnitReportReporter -->
<testsuite hostname="DESKTOP-PIJCOC8" failures="0" tests="3" name="com.DataProvider.GetProdInfoInAmazon_DP_Test" time="37.563" errors="0" timestamp="2024-12-12T10:27:40 IST" skipped="0">
  <testcase classname="com.DataProvider.GetProdInfoInAmazon_DP_Test" name="getProdInfoInAmazon_DP_Test" time="16.305"/>
  <system-out/>
  <testcase classname="com.DataProvider.GetProdInfoInAmazon_DP_Test" name="getProdInfoInAmazon_DP_Test" time="16.673"/>
  <system-out/>
  <testcase classname="com.DataProvider.GetProdInfoInAmazon_DP_Test" name="getProdInfoInAmazon_DP_Test" time="4.585"/>
  <system-out/>
</testsuite> <!-- com.DataProvider.GetProdInfoInAmazon_DP_Test -->
