<?xml version="1.0" encoding="UTF-8"?>
<!-- Generated by org.testng.reporters.JUnitReportReporter -->
<testsuite hostname="DESKTOP-PIJCOC8" failures="0" tests="1" name="com.crm.configAnnotations.orgTest.CreateOrgTest" time="15.528" errors="0" timestamp="2024-12-17T15:04:27 IST" skipped="0">
  <testcase classname="com.crm.configAnnotations.orgTest.CreateOrgTest" name="createOrgTest" time="15.528"/>
  <system-out/>
</testsuite> <!-- com.crm.configAnnotations.orgTest.CreateOrgTest -->
