<?xml version="1.0" encoding="UTF-8"?>
<!-- Generated by org.testng.reporters.JUnitReportReporter -->
<testsuite hostname="DESKTOP-PIJCOC8" failures="0" tests="1" name="com.practice.SampleReportTest" time="0.543" errors="0" timestamp="2024-12-17T12:06:39 IST" skipped="0">
  <testcase classname="com.practice.SampleReportTest" name="createContactTest" time="0.543"/>
  <system-out/>
</testsuite> <!-- com.practice.SampleReportTest -->
